Analysis & Synthesis report for ProjetoPratico
Thu Jul 27 19:44:46 2023
Quartus Prime Version 18.1.0 Build 625 09/12/2018 SJ Lite Edition


---------------------
; Table of Contents ;
---------------------
  1. Legal Notice
  2. Analysis & Synthesis Summary
  3. Analysis & Synthesis Settings
  4. Parallel Compilation
  5. Analysis & Synthesis Source Files Read
  6. Analysis & Synthesis Resource Usage Summary
  7. Analysis & Synthesis Resource Utilization by Entity
  8. State Machine - |ProjetoPratico|DirectionController:comb_13|state_reg
  9. Registers Removed During Synthesis
 10. General Register Statistics
 11. Multiplexer Restructuring Statistics (Restructuring Performed)
 12. Parameter Settings for User Entity Instance: contador1:comb_19|divisor1segundo:div
 13. Parameter Settings for User Entity Instance: contador5:comb_22|divisor:div
 14. Parameter Settings for Inferred Entity Instance: lpm_divide:Mod3
 15. Parameter Settings for Inferred Entity Instance: lpm_divide:Mod4
 16. Parameter Settings for Inferred Entity Instance: lpm_divide:Div3
 17. Parameter Settings for Inferred Entity Instance: lpm_divide:Mod5
 18. Parameter Settings for Inferred Entity Instance: lpm_divide:Div4
 19. Parameter Settings for Inferred Entity Instance: lpm_divide:Div5
 20. Port Connectivity Checks: "contador5:comb_22"
 21. Port Connectivity Checks: "contador1:comb_19"
 22. Port Connectivity Checks: "SEG7_LUT:comb_18"
 23. Port Connectivity Checks: "SEG7_LUT:comb_17"
 24. Port Connectivity Checks: "SEG7_LUT:comb_16"
 25. Port Connectivity Checks: "SEG7_LUT:comb_15"
 26. Post-Synthesis Netlist Statistics for Top Partition
 27. Elapsed Time Per Partition
 28. Analysis & Synthesis Messages



----------------
; Legal Notice ;
----------------
Copyright (C) 2018  Intel Corporation. All rights reserved.
Your use of Intel Corporation's design tools, logic functions 
and other software and tools, and its AMPP partner logic 
functions, and any output files from any of the foregoing 
(including device programming or simulation files), and any 
associated documentation or information are expressly subject 
to the terms and conditions of the Intel Program License 
Subscription Agreement, the Intel Quartus Prime License Agreement,
the Intel FPGA IP License Agreement, or other applicable license
agreement, including, without limitation, that your use is for
the sole purpose of programming logic devices manufactured by
Intel and sold by Intel or its authorized distributors.  Please
refer to the applicable agreement for further details.



+----------------------------------------------------------------------------------+
; Analysis & Synthesis Summary                                                     ;
+------------------------------------+---------------------------------------------+
; Analysis & Synthesis Status        ; Successful - Thu Jul 27 19:44:46 2023       ;
; Quartus Prime Version              ; 18.1.0 Build 625 09/12/2018 SJ Lite Edition ;
; Revision Name                      ; ProjetoPratico                              ;
; Top-level Entity Name              ; ProjetoPratico                              ;
; Family                             ; MAX 10                                      ;
; Total logic elements               ; 483                                         ;
;     Total combinational functions  ; 481                                         ;
;     Dedicated logic registers      ; 68                                          ;
; Total registers                    ; 68                                          ;
; Total pins                         ; 55                                          ;
; Total virtual pins                 ; 0                                           ;
; Total memory bits                  ; 0                                           ;
; Embedded Multiplier 9-bit elements ; 0                                           ;
; Total PLLs                         ; 0                                           ;
; UFM blocks                         ; 0                                           ;
; ADC blocks                         ; 0                                           ;
+------------------------------------+---------------------------------------------+


+------------------------------------------------------------------------------------------------------------+
; Analysis & Synthesis Settings                                                                              ;
+------------------------------------------------------------------+--------------------+--------------------+
; Option                                                           ; Setting            ; Default Value      ;
+------------------------------------------------------------------+--------------------+--------------------+
; Device                                                           ; 10M50DAF484C6GES   ;                    ;
; Top-level entity name                                            ; ProjetoPratico     ; ProjetoPratico     ;
; Family name                                                      ; MAX 10             ; Cyclone V          ;
; Use smart compilation                                            ; Off                ; Off                ;
; Enable parallel Assembler and Timing Analyzer during compilation ; On                 ; On                 ;
; Enable compact report table                                      ; Off                ; Off                ;
; Restructure Multiplexers                                         ; Auto               ; Auto               ;
; Create Debugging Nodes for IP Cores                              ; Off                ; Off                ;
; Preserve fewer node names                                        ; On                 ; On                 ;
; Intel FPGA IP Evaluation Mode                                    ; Enable             ; Enable             ;
; Verilog Version                                                  ; Verilog_2001       ; Verilog_2001       ;
; VHDL Version                                                     ; VHDL_1993          ; VHDL_1993          ;
; State Machine Processing                                         ; Auto               ; Auto               ;
; Safe State Machine                                               ; Off                ; Off                ;
; Extract Verilog State Machines                                   ; On                 ; On                 ;
; Extract VHDL State Machines                                      ; On                 ; On                 ;
; Ignore Verilog initial constructs                                ; Off                ; Off                ;
; Iteration limit for constant Verilog loops                       ; 5000               ; 5000               ;
; Iteration limit for non-constant Verilog loops                   ; 250                ; 250                ;
; Add Pass-Through Logic to Inferred RAMs                          ; On                 ; On                 ;
; Infer RAMs from Raw Logic                                        ; On                 ; On                 ;
; Parallel Synthesis                                               ; On                 ; On                 ;
; DSP Block Balancing                                              ; Auto               ; Auto               ;
; NOT Gate Push-Back                                               ; On                 ; On                 ;
; Power-Up Don't Care                                              ; On                 ; On                 ;
; Remove Redundant Logic Cells                                     ; Off                ; Off                ;
; Remove Duplicate Registers                                       ; On                 ; On                 ;
; Ignore CARRY Buffers                                             ; Off                ; Off                ;
; Ignore CASCADE Buffers                                           ; Off                ; Off                ;
; Ignore GLOBAL Buffers                                            ; Off                ; Off                ;
; Ignore ROW GLOBAL Buffers                                        ; Off                ; Off                ;
; Ignore LCELL Buffers                                             ; Off                ; Off                ;
; Ignore SOFT Buffers                                              ; On                 ; On                 ;
; Limit AHDL Integers to 32 Bits                                   ; Off                ; Off                ;
; Optimization Technique                                           ; Balanced           ; Balanced           ;
; Carry Chain Length                                               ; 70                 ; 70                 ;
; Auto Carry Chains                                                ; On                 ; On                 ;
; Auto Open-Drain Pins                                             ; On                 ; On                 ;
; Perform WYSIWYG Primitive Resynthesis                            ; Off                ; Off                ;
; Auto ROM Replacement                                             ; On                 ; On                 ;
; Auto RAM Replacement                                             ; On                 ; On                 ;
; Auto DSP Block Replacement                                       ; On                 ; On                 ;
; Auto Shift Register Replacement                                  ; Auto               ; Auto               ;
; Allow Shift Register Merging across Hierarchies                  ; Auto               ; Auto               ;
; Auto Clock Enable Replacement                                    ; On                 ; On                 ;
; Strict RAM Replacement                                           ; Off                ; Off                ;
; Allow Synchronous Control Signals                                ; On                 ; On                 ;
; Force Use of Synchronous Clear Signals                           ; Off                ; Off                ;
; Auto RAM Block Balancing                                         ; On                 ; On                 ;
; Auto RAM to Logic Cell Conversion                                ; Off                ; Off                ;
; Auto Resource Sharing                                            ; Off                ; Off                ;
; Allow Any RAM Size For Recognition                               ; Off                ; Off                ;
; Allow Any ROM Size For Recognition                               ; Off                ; Off                ;
; Allow Any Shift Register Size For Recognition                    ; Off                ; Off                ;
; Use LogicLock Constraints during Resource Balancing              ; On                 ; On                 ;
; Ignore translate_off and synthesis_off directives                ; Off                ; Off                ;
; Timing-Driven Synthesis                                          ; On                 ; On                 ;
; Report Parameter Settings                                        ; On                 ; On                 ;
; Report Source Assignments                                        ; On                 ; On                 ;
; Report Connectivity Checks                                       ; On                 ; On                 ;
; Ignore Maximum Fan-Out Assignments                               ; Off                ; Off                ;
; Synchronization Register Chain Length                            ; 2                  ; 2                  ;
; Power Optimization During Synthesis                              ; Normal compilation ; Normal compilation ;
; HDL message level                                                ; Level2             ; Level2             ;
; Suppress Register Optimization Related Messages                  ; Off                ; Off                ;
; Number of Removed Registers Reported in Synthesis Report         ; 5000               ; 5000               ;
; Number of Swept Nodes Reported in Synthesis Report               ; 5000               ; 5000               ;
; Number of Inverted Registers Reported in Synthesis Report        ; 100                ; 100                ;
; Clock MUX Protection                                             ; On                 ; On                 ;
; Auto Gated Clock Conversion                                      ; Off                ; Off                ;
; Block Design Naming                                              ; Auto               ; Auto               ;
; SDC constraint protection                                        ; Off                ; Off                ;
; Synthesis Effort                                                 ; Auto               ; Auto               ;
; Shift Register Replacement - Allow Asynchronous Clear Signal     ; On                 ; On                 ;
; Pre-Mapping Resynthesis Optimization                             ; Off                ; Off                ;
; Analysis & Synthesis Message Level                               ; Medium             ; Medium             ;
; Disable Register Merging Across Hierarchies                      ; Auto               ; Auto               ;
; Resource Aware Inference For Block RAM                           ; On                 ; On                 ;
+------------------------------------------------------------------+--------------------+--------------------+


+------------------------------------------+
; Parallel Compilation                     ;
+----------------------------+-------------+
; Processors                 ; Number      ;
+----------------------------+-------------+
; Number detected on machine ; 4           ;
; Maximum allowed            ; 2           ;
;                            ;             ;
; Average used               ; 1.00        ;
; Maximum used               ; 2           ;
;                            ;             ;
; Usage by Processor         ; % Time Used ;
;     Processor 1            ; 100.0%      ;
;     Processor 2            ;   0.0%      ;
+----------------------------+-------------+


+---------------------------------------------------------------------------------------------------------------------------------------------------------------------------------------------+
; Analysis & Synthesis Source Files Read                                                                                                                                                      ;
+----------------------------------+-----------------+------------------------------+-----------------------------------------------------------------------------------------------+---------+
; File Name with User-Entered Path ; Used in Netlist ; File Type                    ; File Name with Absolute Path                                                                  ; Library ;
+----------------------------------+-----------------+------------------------------+-----------------------------------------------------------------------------------------------+---------+
; AsyncInputSynchronizer.v         ; yes             ; User Verilog HDL File        ; C:/Users/paulo.carvalho/Desktop/ProjetoPraticoFinal/ProjetoPratico/AsyncInputSynchronizer.v   ;         ;
; contador1.v                      ; yes             ; User Verilog HDL File        ; C:/Users/paulo.carvalho/Desktop/ProjetoPraticoFinal/ProjetoPratico/contador1.v                ;         ;
; contador5.v                      ; yes             ; User Verilog HDL File        ; C:/Users/paulo.carvalho/Desktop/ProjetoPraticoFinal/ProjetoPratico/contador5.v                ;         ;
; divisor.v                        ; yes             ; User Verilog HDL File        ; C:/Users/paulo.carvalho/Desktop/ProjetoPraticoFinal/ProjetoPratico/divisor.v                  ;         ;
; counter.v                        ; yes             ; User Verilog HDL File        ; C:/Users/paulo.carvalho/Desktop/ProjetoPraticoFinal/ProjetoPratico/counter.v                  ;         ;
; SEG7_LUT.v                       ; yes             ; User Verilog HDL File        ; C:/Users/paulo.carvalho/Desktop/ProjetoPraticoFinal/ProjetoPratico/SEG7_LUT.v                 ;         ;
; DirectionController.v            ; yes             ; User Verilog HDL File        ; C:/Users/paulo.carvalho/Desktop/ProjetoPraticoFinal/ProjetoPratico/DirectionController.v      ;         ;
; tempoDeReacao.v                  ; yes             ; User Verilog HDL File        ; C:/Users/paulo.carvalho/Desktop/ProjetoPraticoFinal/ProjetoPratico/tempoDeReacao.v            ;         ;
; divisor1segundo.v                ; yes             ; User Verilog HDL File        ; C:/Users/paulo.carvalho/Desktop/ProjetoPraticoFinal/ProjetoPratico/divisor1segundo.v          ;         ;
; counter2.v                       ; yes             ; User Verilog HDL File        ; C:/Users/paulo.carvalho/Desktop/ProjetoPraticoFinal/ProjetoPratico/counter2.v                 ;         ;
; lpm_divide.tdf                   ; yes             ; Megafunction                 ; c:/intelfpga_lite/18.1/quartus/libraries/megafunctions/lpm_divide.tdf                         ;         ;
; abs_divider.inc                  ; yes             ; Megafunction                 ; c:/intelfpga_lite/18.1/quartus/libraries/megafunctions/abs_divider.inc                        ;         ;
; sign_div_unsign.inc              ; yes             ; Megafunction                 ; c:/intelfpga_lite/18.1/quartus/libraries/megafunctions/sign_div_unsign.inc                    ;         ;
; aglobal181.inc                   ; yes             ; Megafunction                 ; c:/intelfpga_lite/18.1/quartus/libraries/megafunctions/aglobal181.inc                         ;         ;
; db/lpm_divide_lll.tdf            ; yes             ; Auto-Generated Megafunction  ; C:/Users/paulo.carvalho/Desktop/ProjetoPraticoFinal/ProjetoPratico/db/lpm_divide_lll.tdf      ;         ;
; db/sign_div_unsign_klh.tdf       ; yes             ; Auto-Generated Megafunction  ; C:/Users/paulo.carvalho/Desktop/ProjetoPraticoFinal/ProjetoPratico/db/sign_div_unsign_klh.tdf ;         ;
; db/alt_u_div_ihe.tdf             ; yes             ; Auto-Generated Megafunction  ; C:/Users/paulo.carvalho/Desktop/ProjetoPraticoFinal/ProjetoPratico/db/alt_u_div_ihe.tdf       ;         ;
; db/add_sub_t3c.tdf               ; yes             ; Auto-Generated Megafunction  ; C:/Users/paulo.carvalho/Desktop/ProjetoPraticoFinal/ProjetoPratico/db/add_sub_t3c.tdf         ;         ;
; db/add_sub_u3c.tdf               ; yes             ; Auto-Generated Megafunction  ; C:/Users/paulo.carvalho/Desktop/ProjetoPraticoFinal/ProjetoPratico/db/add_sub_u3c.tdf         ;         ;
; db/lpm_divide_pll.tdf            ; yes             ; Auto-Generated Megafunction  ; C:/Users/paulo.carvalho/Desktop/ProjetoPraticoFinal/ProjetoPratico/db/lpm_divide_pll.tdf      ;         ;
; db/sign_div_unsign_nlh.tdf       ; yes             ; Auto-Generated Megafunction  ; C:/Users/paulo.carvalho/Desktop/ProjetoPraticoFinal/ProjetoPratico/db/sign_div_unsign_nlh.tdf ;         ;
; db/alt_u_div_ohe.tdf             ; yes             ; Auto-Generated Megafunction  ; C:/Users/paulo.carvalho/Desktop/ProjetoPraticoFinal/ProjetoPratico/db/alt_u_div_ohe.tdf       ;         ;
; db/lpm_divide_8sl.tdf            ; yes             ; Auto-Generated Megafunction  ; C:/Users/paulo.carvalho/Desktop/ProjetoPraticoFinal/ProjetoPratico/db/lpm_divide_8sl.tdf      ;         ;
; db/sign_div_unsign_akh.tdf       ; yes             ; Auto-Generated Megafunction  ; C:/Users/paulo.carvalho/Desktop/ProjetoPraticoFinal/ProjetoPratico/db/sign_div_unsign_akh.tdf ;         ;
; db/alt_u_div_uee.tdf             ; yes             ; Auto-Generated Megafunction  ; C:/Users/paulo.carvalho/Desktop/ProjetoPraticoFinal/ProjetoPratico/db/alt_u_div_uee.tdf       ;         ;
; db/lpm_divide_2nl.tdf            ; yes             ; Auto-Generated Megafunction  ; C:/Users/paulo.carvalho/Desktop/ProjetoPraticoFinal/ProjetoPratico/db/lpm_divide_2nl.tdf      ;         ;
; db/sign_div_unsign_1nh.tdf       ; yes             ; Auto-Generated Megafunction  ; C:/Users/paulo.carvalho/Desktop/ProjetoPraticoFinal/ProjetoPratico/db/sign_div_unsign_1nh.tdf ;         ;
; db/alt_u_div_cke.tdf             ; yes             ; Auto-Generated Megafunction  ; C:/Users/paulo.carvalho/Desktop/ProjetoPraticoFinal/ProjetoPratico/db/alt_u_div_cke.tdf       ;         ;
; db/lpm_divide_ltl.tdf            ; yes             ; Auto-Generated Megafunction  ; C:/Users/paulo.carvalho/Desktop/ProjetoPraticoFinal/ProjetoPratico/db/lpm_divide_ltl.tdf      ;         ;
; db/lpm_divide_vul.tdf            ; yes             ; Auto-Generated Megafunction  ; C:/Users/paulo.carvalho/Desktop/ProjetoPraticoFinal/ProjetoPratico/db/lpm_divide_vul.tdf      ;         ;
+----------------------------------+-----------------+------------------------------+-----------------------------------------------------------------------------------------------+---------+


+-------------------------------------------------------------------+
; Analysis & Synthesis Resource Usage Summary                       ;
+---------------------------------------------+---------------------+
; Resource                                    ; Usage               ;
+---------------------------------------------+---------------------+
; Estimated Total logic elements              ; 483                 ;
;                                             ;                     ;
; Total combinational functions               ; 481                 ;
; Logic element usage by number of LUT inputs ;                     ;
;     -- 4 input functions                    ; 132                 ;
;     -- 3 input functions                    ; 95                  ;
;     -- <=2 input functions                  ; 254                 ;
;                                             ;                     ;
; Logic elements by mode                      ;                     ;
;     -- normal mode                          ; 324                 ;
;     -- arithmetic mode                      ; 157                 ;
;                                             ;                     ;
; Total registers                             ; 68                  ;
;     -- Dedicated logic registers            ; 68                  ;
;     -- I/O registers                        ; 0                   ;
;                                             ;                     ;
; I/O pins                                    ; 55                  ;
;                                             ;                     ;
; Embedded Multiplier 9-bit elements          ; 0                   ;
;                                             ;                     ;
; Maximum fan-out node                        ; MAX10_CLK1_50~input ;
; Maximum fan-out                             ; 68                  ;
; Total fan-out                               ; 1689                ;
; Average fan-out                             ; 2.56                ;
+---------------------------------------------+---------------------+


+-------------------------------------------------------------------------------------------------------------------------------------------------------------------------------------------------------------------------------------------------------------------------------------------------------------------------------------------------------+
; Analysis & Synthesis Resource Utilization by Entity                                                                                                                                                                                                                                                                                                   ;
+----------------------------------------+---------------------+---------------------------+-------------+------------+--------------+---------+-----------+------+--------------+------------+-----------------------------------------------------------------------------------------------------------------+------------------------+--------------+
; Compilation Hierarchy Node             ; Combinational ALUTs ; Dedicated Logic Registers ; Memory Bits ; UFM Blocks ; DSP Elements ; DSP 9x9 ; DSP 18x18 ; Pins ; Virtual Pins ; ADC blocks ; Full Hierarchy Name                                                                                             ; Entity Name            ; Library Name ;
+----------------------------------------+---------------------+---------------------------+-------------+------------+--------------+---------+-----------+------+--------------+------------+-----------------------------------------------------------------------------------------------------------------+------------------------+--------------+
; |ProjetoPratico                        ; 481 (21)            ; 68 (0)                    ; 0           ; 0          ; 0            ; 0       ; 0         ; 55   ; 0            ; 0          ; |ProjetoPratico                                                                                                 ; ProjetoPratico         ; work         ;
;    |AsyncInputSynchronizer:comb_12|    ; 0 (0)               ; 2 (2)                     ; 0           ; 0          ; 0            ; 0       ; 0         ; 0    ; 0            ; 0          ; |ProjetoPratico|AsyncInputSynchronizer:comb_12                                                                  ; AsyncInputSynchronizer ; work         ;
;    |DirectionController:comb_13|       ; 16 (16)             ; 5 (5)                     ; 0           ; 0          ; 0            ; 0       ; 0         ; 0    ; 0            ; 0          ; |ProjetoPratico|DirectionController:comb_13                                                                     ; DirectionController    ; work         ;
;    |SEG7_LUT:comb_15|                  ; 15 (15)             ; 0 (0)                     ; 0           ; 0          ; 0            ; 0       ; 0         ; 0    ; 0            ; 0          ; |ProjetoPratico|SEG7_LUT:comb_15                                                                                ; SEG7_LUT               ; work         ;
;    |SEG7_LUT:comb_16|                  ; 16 (16)             ; 0 (0)                     ; 0           ; 0          ; 0            ; 0       ; 0         ; 0    ; 0            ; 0          ; |ProjetoPratico|SEG7_LUT:comb_16                                                                                ; SEG7_LUT               ; work         ;
;    |SEG7_LUT:comb_17|                  ; 16 (16)             ; 0 (0)                     ; 0           ; 0          ; 0            ; 0       ; 0         ; 0    ; 0            ; 0          ; |ProjetoPratico|SEG7_LUT:comb_17                                                                                ; SEG7_LUT               ; work         ;
;    |SEG7_LUT:comb_18|                  ; 4 (4)               ; 0 (0)                     ; 0           ; 0          ; 0            ; 0       ; 0         ; 0    ; 0            ; 0          ; |ProjetoPratico|SEG7_LUT:comb_18                                                                                ; SEG7_LUT               ; work         ;
;    |contador1:comb_19|                 ; 33 (0)              ; 27 (0)                    ; 0           ; 0          ; 0            ; 0       ; 0         ; 0    ; 0            ; 0          ; |ProjetoPratico|contador1:comb_19                                                                               ; contador1              ; work         ;
;       |counter2:cnt|                   ; 11 (11)             ; 10 (10)                   ; 0           ; 0          ; 0            ; 0       ; 0         ; 0    ; 0            ; 0          ; |ProjetoPratico|contador1:comb_19|counter2:cnt                                                                  ; counter2               ; work         ;
;       |divisor1segundo:div|            ; 22 (22)             ; 17 (17)                   ; 0           ; 0          ; 0            ; 0       ; 0         ; 0    ; 0            ; 0          ; |ProjetoPratico|contador1:comb_19|divisor1segundo:div                                                           ; divisor1segundo        ; work         ;
;    |contador5:comb_22|                 ; 44 (0)              ; 34 (0)                    ; 0           ; 0          ; 0            ; 0       ; 0         ; 0    ; 0            ; 0          ; |ProjetoPratico|contador5:comb_22                                                                               ; contador5              ; work         ;
;       |counter:cnt|                    ; 7 (7)               ; 7 (7)                     ; 0           ; 0          ; 0            ; 0       ; 0         ; 0    ; 0            ; 0          ; |ProjetoPratico|contador5:comb_22|counter:cnt                                                                   ; counter                ; work         ;
;       |divisor:div|                    ; 37 (37)             ; 27 (27)                   ; 0           ; 0          ; 0            ; 0       ; 0         ; 0    ; 0            ; 0          ; |ProjetoPratico|contador5:comb_22|divisor:div                                                                   ; divisor                ; work         ;
;    |lpm_divide:Div3|                   ; 46 (0)              ; 0 (0)                     ; 0           ; 0          ; 0            ; 0       ; 0         ; 0    ; 0            ; 0          ; |ProjetoPratico|lpm_divide:Div3                                                                                 ; lpm_divide             ; work         ;
;       |lpm_divide_8sl:auto_generated|  ; 46 (0)              ; 0 (0)                     ; 0           ; 0          ; 0            ; 0       ; 0         ; 0    ; 0            ; 0          ; |ProjetoPratico|lpm_divide:Div3|lpm_divide_8sl:auto_generated                                                   ; lpm_divide_8sl         ; work         ;
;          |sign_div_unsign_akh:divider| ; 46 (0)              ; 0 (0)                     ; 0           ; 0          ; 0            ; 0       ; 0         ; 0    ; 0            ; 0          ; |ProjetoPratico|lpm_divide:Div3|lpm_divide_8sl:auto_generated|sign_div_unsign_akh:divider                       ; sign_div_unsign_akh    ; work         ;
;             |alt_u_div_uee:divider|    ; 46 (46)             ; 0 (0)                     ; 0           ; 0          ; 0            ; 0       ; 0         ; 0    ; 0            ; 0          ; |ProjetoPratico|lpm_divide:Div3|lpm_divide_8sl:auto_generated|sign_div_unsign_akh:divider|alt_u_div_uee:divider ; alt_u_div_uee          ; work         ;
;    |lpm_divide:Div4|                   ; 72 (0)              ; 0 (0)                     ; 0           ; 0          ; 0            ; 0       ; 0         ; 0    ; 0            ; 0          ; |ProjetoPratico|lpm_divide:Div4                                                                                 ; lpm_divide             ; work         ;
;       |lpm_divide_ltl:auto_generated|  ; 72 (0)              ; 0 (0)                     ; 0           ; 0          ; 0            ; 0       ; 0         ; 0    ; 0            ; 0          ; |ProjetoPratico|lpm_divide:Div4|lpm_divide_ltl:auto_generated                                                   ; lpm_divide_ltl         ; work         ;
;          |sign_div_unsign_nlh:divider| ; 72 (0)              ; 0 (0)                     ; 0           ; 0          ; 0            ; 0       ; 0         ; 0    ; 0            ; 0          ; |ProjetoPratico|lpm_divide:Div4|lpm_divide_ltl:auto_generated|sign_div_unsign_nlh:divider                       ; sign_div_unsign_nlh    ; work         ;
;             |alt_u_div_ohe:divider|    ; 72 (72)             ; 0 (0)                     ; 0           ; 0          ; 0            ; 0       ; 0         ; 0    ; 0            ; 0          ; |ProjetoPratico|lpm_divide:Div4|lpm_divide_ltl:auto_generated|sign_div_unsign_nlh:divider|alt_u_div_ohe:divider ; alt_u_div_ohe          ; work         ;
;    |lpm_divide:Div5|                   ; 8 (0)               ; 0 (0)                     ; 0           ; 0          ; 0            ; 0       ; 0         ; 0    ; 0            ; 0          ; |ProjetoPratico|lpm_divide:Div5                                                                                 ; lpm_divide             ; work         ;
;       |lpm_divide_vul:auto_generated|  ; 8 (0)               ; 0 (0)                     ; 0           ; 0          ; 0            ; 0       ; 0         ; 0    ; 0            ; 0          ; |ProjetoPratico|lpm_divide:Div5|lpm_divide_vul:auto_generated                                                   ; lpm_divide_vul         ; work         ;
;          |sign_div_unsign_1nh:divider| ; 8 (0)               ; 0 (0)                     ; 0           ; 0          ; 0            ; 0       ; 0         ; 0    ; 0            ; 0          ; |ProjetoPratico|lpm_divide:Div5|lpm_divide_vul:auto_generated|sign_div_unsign_1nh:divider                       ; sign_div_unsign_1nh    ; work         ;
;             |alt_u_div_cke:divider|    ; 8 (8)               ; 0 (0)                     ; 0           ; 0          ; 0            ; 0       ; 0         ; 0    ; 0            ; 0          ; |ProjetoPratico|lpm_divide:Div5|lpm_divide_vul:auto_generated|sign_div_unsign_1nh:divider|alt_u_div_cke:divider ; alt_u_div_cke          ; work         ;
;    |lpm_divide:Mod3|                   ; 82 (0)              ; 0 (0)                     ; 0           ; 0          ; 0            ; 0       ; 0         ; 0    ; 0            ; 0          ; |ProjetoPratico|lpm_divide:Mod3                                                                                 ; lpm_divide             ; work         ;
;       |lpm_divide_lll:auto_generated|  ; 82 (0)              ; 0 (0)                     ; 0           ; 0          ; 0            ; 0       ; 0         ; 0    ; 0            ; 0          ; |ProjetoPratico|lpm_divide:Mod3|lpm_divide_lll:auto_generated                                                   ; lpm_divide_lll         ; work         ;
;          |sign_div_unsign_klh:divider| ; 82 (0)              ; 0 (0)                     ; 0           ; 0          ; 0            ; 0       ; 0         ; 0    ; 0            ; 0          ; |ProjetoPratico|lpm_divide:Mod3|lpm_divide_lll:auto_generated|sign_div_unsign_klh:divider                       ; sign_div_unsign_klh    ; work         ;
;             |alt_u_div_ihe:divider|    ; 82 (82)             ; 0 (0)                     ; 0           ; 0          ; 0            ; 0       ; 0         ; 0    ; 0            ; 0          ; |ProjetoPratico|lpm_divide:Mod3|lpm_divide_lll:auto_generated|sign_div_unsign_klh:divider|alt_u_div_ihe:divider ; alt_u_div_ihe          ; work         ;
;    |lpm_divide:Mod4|                   ; 84 (0)              ; 0 (0)                     ; 0           ; 0          ; 0            ; 0       ; 0         ; 0    ; 0            ; 0          ; |ProjetoPratico|lpm_divide:Mod4                                                                                 ; lpm_divide             ; work         ;
;       |lpm_divide_pll:auto_generated|  ; 84 (0)              ; 0 (0)                     ; 0           ; 0          ; 0            ; 0       ; 0         ; 0    ; 0            ; 0          ; |ProjetoPratico|lpm_divide:Mod4|lpm_divide_pll:auto_generated                                                   ; lpm_divide_pll         ; work         ;
;          |sign_div_unsign_nlh:divider| ; 84 (0)              ; 0 (0)                     ; 0           ; 0          ; 0            ; 0       ; 0         ; 0    ; 0            ; 0          ; |ProjetoPratico|lpm_divide:Mod4|lpm_divide_pll:auto_generated|sign_div_unsign_nlh:divider                       ; sign_div_unsign_nlh    ; work         ;
;             |alt_u_div_ohe:divider|    ; 84 (84)             ; 0 (0)                     ; 0           ; 0          ; 0            ; 0       ; 0         ; 0    ; 0            ; 0          ; |ProjetoPratico|lpm_divide:Mod4|lpm_divide_pll:auto_generated|sign_div_unsign_nlh:divider|alt_u_div_ohe:divider ; alt_u_div_ohe          ; work         ;
;    |lpm_divide:Mod5|                   ; 24 (0)              ; 0 (0)                     ; 0           ; 0          ; 0            ; 0       ; 0         ; 0    ; 0            ; 0          ; |ProjetoPratico|lpm_divide:Mod5                                                                                 ; lpm_divide             ; work         ;
;       |lpm_divide_2nl:auto_generated|  ; 24 (0)              ; 0 (0)                     ; 0           ; 0          ; 0            ; 0       ; 0         ; 0    ; 0            ; 0          ; |ProjetoPratico|lpm_divide:Mod5|lpm_divide_2nl:auto_generated                                                   ; lpm_divide_2nl         ; work         ;
;          |sign_div_unsign_1nh:divider| ; 24 (0)              ; 0 (0)                     ; 0           ; 0          ; 0            ; 0       ; 0         ; 0    ; 0            ; 0          ; |ProjetoPratico|lpm_divide:Mod5|lpm_divide_2nl:auto_generated|sign_div_unsign_1nh:divider                       ; sign_div_unsign_1nh    ; work         ;
;             |alt_u_div_cke:divider|    ; 24 (24)             ; 0 (0)                     ; 0           ; 0          ; 0            ; 0       ; 0         ; 0    ; 0            ; 0          ; |ProjetoPratico|lpm_divide:Mod5|lpm_divide_2nl:auto_generated|sign_div_unsign_1nh:divider|alt_u_div_cke:divider ; alt_u_div_cke          ; work         ;
+----------------------------------------+---------------------+---------------------------+-------------+------------+--------------+---------+-----------+------+--------------+------------+-----------------------------------------------------------------------------------------------------------------+------------------------+--------------+
Note: For table entries with two numbers listed, the numbers in parentheses indicate the number of resources of the given type used by the specific entity alone. The numbers listed outside of parentheses indicate the total resources of the given type used by the specific entity and all of its sub-entities in the hierarchy.


Encoding Type:  One-Hot
+-----------------------------------------------------------------------------------+
; State Machine - |ProjetoPratico|DirectionController:comb_13|state_reg             ;
+-------------+-------------+-------------+-------------+-------------+-------------+
; Name        ; state_reg.X ; state_reg.S ; state_reg.I ; state_reg.C ; state_reg.T ;
+-------------+-------------+-------------+-------------+-------------+-------------+
; state_reg.C ; 0           ; 0           ; 0           ; 0           ; 0           ;
; state_reg.I ; 0           ; 0           ; 1           ; 1           ; 0           ;
; state_reg.S ; 0           ; 1           ; 0           ; 1           ; 0           ;
; state_reg.X ; 1           ; 0           ; 0           ; 1           ; 0           ;
; state_reg.T ; 0           ; 0           ; 0           ; 1           ; 1           ;
+-------------+-------------+-------------+-------------+-------------+-------------+


+--------------------------------------------------------------+
; Registers Removed During Synthesis                           ;
+-----------------------------------------+--------------------+
; Register name                           ; Reason for Removal ;
+-----------------------------------------+--------------------+
; DirectionController:comb_13|state_reg~4 ; Lost fanout        ;
; DirectionController:comb_13|state_reg~5 ; Lost fanout        ;
; Total Number of Removed Registers = 2   ;                    ;
+-----------------------------------------+--------------------+


+------------------------------------------------------+
; General Register Statistics                          ;
+----------------------------------------------+-------+
; Statistic                                    ; Value ;
+----------------------------------------------+-------+
; Total registers                              ; 68    ;
; Number of registers using Synchronous Clear  ; 52    ;
; Number of registers using Synchronous Load   ; 7     ;
; Number of registers using Asynchronous Clear ; 68    ;
; Number of registers using Asynchronous Load  ; 0     ;
; Number of registers using Clock Enable       ; 59    ;
; Number of registers using Preset             ; 0     ;
+----------------------------------------------+-------+


+------------------------------------------------------------------------------------------------------------------------------------------+
; Multiplexer Restructuring Statistics (Restructuring Performed)                                                                           ;
+--------------------+-----------+---------------+----------------------+------------------------+------------+----------------------------+
; Multiplexer Inputs ; Bus Width ; Baseline Area ; Area if Restructured ; Saving if Restructured ; Registered ; Example Multiplexer Output ;
+--------------------+-----------+---------------+----------------------+------------------------+------------+----------------------------+
; 8:1                ; 9 bits    ; 45 LEs        ; 18 LEs               ; 27 LEs                 ; No         ; |ProjetoPratico|iDIG3[0]   ;
; 8:1                ; 3 bits    ; 15 LEs        ; 6 LEs                ; 9 LEs                  ; No         ; |ProjetoPratico|iDIG0[0]   ;
; 4:1                ; 6 bits    ; 12 LEs        ; 12 LEs               ; 0 LEs                  ; No         ; |ProjetoPratico|iDIG1[4]   ;
+--------------------+-----------+---------------+----------------------+------------------------+------------+----------------------------+


+------------------------------------------------------------------------------------+
; Parameter Settings for User Entity Instance: contador1:comb_19|divisor1segundo:div ;
+----------------+-------+-----------------------------------------------------------+
; Parameter Name ; Value ; Type                                                      ;
+----------------+-------+-----------------------------------------------------------+
; NUM_BITS       ; 16    ; Signed Integer                                            ;
; MOD            ; 50000 ; Signed Integer                                            ;
+----------------+-------+-----------------------------------------------------------+
Note: In order to hide this table in the UI and the text report file, please set the "Show Parameter Settings in Synthesis Report" option in "Analysis and Synthesis Settings -> More Settings" to "Off".


+----------------------------------------------------------------------------+
; Parameter Settings for User Entity Instance: contador5:comb_22|divisor:div ;
+----------------+----------+------------------------------------------------+
; Parameter Name ; Value    ; Type                                           ;
+----------------+----------+------------------------------------------------+
; NUM_BITS       ; 26       ; Signed Integer                                 ;
; MOD            ; 50000000 ; Signed Integer                                 ;
+----------------+----------+------------------------------------------------+
Note: In order to hide this table in the UI and the text report file, please set the "Show Parameter Settings in Synthesis Report" option in "Analysis and Synthesis Settings -> More Settings" to "Off".


+------------------------------------------------------------------+
; Parameter Settings for Inferred Entity Instance: lpm_divide:Mod3 ;
+------------------------+----------------+------------------------+
; Parameter Name         ; Value          ; Type                   ;
+------------------------+----------------+------------------------+
; LPM_WIDTHN             ; 10             ; Untyped                ;
; LPM_WIDTHD             ; 4              ; Untyped                ;
; LPM_NREPRESENTATION    ; UNSIGNED       ; Untyped                ;
; LPM_DREPRESENTATION    ; UNSIGNED       ; Untyped                ;
; LPM_PIPELINE           ; 0              ; Untyped                ;
; LPM_REMAINDERPOSITIVE  ; TRUE           ; Untyped                ;
; MAXIMIZE_SPEED         ; 5              ; Untyped                ;
; CBXI_PARAMETER         ; lpm_divide_lll ; Untyped                ;
; CARRY_CHAIN            ; MANUAL         ; Untyped                ;
; OPTIMIZE_FOR_SPEED     ; 5              ; Untyped                ;
; AUTO_CARRY_CHAINS      ; ON             ; AUTO_CARRY             ;
; IGNORE_CARRY_BUFFERS   ; OFF            ; IGNORE_CARRY           ;
; AUTO_CASCADE_CHAINS    ; ON             ; AUTO_CASCADE           ;
; IGNORE_CASCADE_BUFFERS ; OFF            ; IGNORE_CASCADE         ;
+------------------------+----------------+------------------------+
Note: In order to hide this table in the UI and the text report file, please set the "Show Parameter Settings in Synthesis Report" option in "Analysis and Synthesis Settings -> More Settings" to "Off".


+------------------------------------------------------------------+
; Parameter Settings for Inferred Entity Instance: lpm_divide:Mod4 ;
+------------------------+----------------+------------------------+
; Parameter Name         ; Value          ; Type                   ;
+------------------------+----------------+------------------------+
; LPM_WIDTHN             ; 10             ; Untyped                ;
; LPM_WIDTHD             ; 7              ; Untyped                ;
; LPM_NREPRESENTATION    ; UNSIGNED       ; Untyped                ;
; LPM_DREPRESENTATION    ; UNSIGNED       ; Untyped                ;
; LPM_PIPELINE           ; 0              ; Untyped                ;
; LPM_REMAINDERPOSITIVE  ; TRUE           ; Untyped                ;
; MAXIMIZE_SPEED         ; 5              ; Untyped                ;
; CBXI_PARAMETER         ; lpm_divide_pll ; Untyped                ;
; CARRY_CHAIN            ; MANUAL         ; Untyped                ;
; OPTIMIZE_FOR_SPEED     ; 5              ; Untyped                ;
; AUTO_CARRY_CHAINS      ; ON             ; AUTO_CARRY             ;
; IGNORE_CARRY_BUFFERS   ; OFF            ; IGNORE_CARRY           ;
; AUTO_CASCADE_CHAINS    ; ON             ; AUTO_CASCADE           ;
; IGNORE_CASCADE_BUFFERS ; OFF            ; IGNORE_CASCADE         ;
+------------------------+----------------+------------------------+
Note: In order to hide this table in the UI and the text report file, please set the "Show Parameter Settings in Synthesis Report" option in "Analysis and Synthesis Settings -> More Settings" to "Off".


+------------------------------------------------------------------+
; Parameter Settings for Inferred Entity Instance: lpm_divide:Div3 ;
+------------------------+----------------+------------------------+
; Parameter Name         ; Value          ; Type                   ;
+------------------------+----------------+------------------------+
; LPM_WIDTHN             ; 7              ; Untyped                ;
; LPM_WIDTHD             ; 4              ; Untyped                ;
; LPM_NREPRESENTATION    ; UNSIGNED       ; Untyped                ;
; LPM_DREPRESENTATION    ; UNSIGNED       ; Untyped                ;
; LPM_PIPELINE           ; 0              ; Untyped                ;
; LPM_REMAINDERPOSITIVE  ; TRUE           ; Untyped                ;
; MAXIMIZE_SPEED         ; 5              ; Untyped                ;
; CBXI_PARAMETER         ; lpm_divide_8sl ; Untyped                ;
; CARRY_CHAIN            ; MANUAL         ; Untyped                ;
; OPTIMIZE_FOR_SPEED     ; 5              ; Untyped                ;
; AUTO_CARRY_CHAINS      ; ON             ; AUTO_CARRY             ;
; IGNORE_CARRY_BUFFERS   ; OFF            ; IGNORE_CARRY           ;
; AUTO_CASCADE_CHAINS    ; ON             ; AUTO_CASCADE           ;
; IGNORE_CASCADE_BUFFERS ; OFF            ; IGNORE_CASCADE         ;
+------------------------+----------------+------------------------+
Note: In order to hide this table in the UI and the text report file, please set the "Show Parameter Settings in Synthesis Report" option in "Analysis and Synthesis Settings -> More Settings" to "Off".


+------------------------------------------------------------------+
; Parameter Settings for Inferred Entity Instance: lpm_divide:Mod5 ;
+------------------------+----------------+------------------------+
; Parameter Name         ; Value          ; Type                   ;
+------------------------+----------------+------------------------+
; LPM_WIDTHN             ; 10             ; Untyped                ;
; LPM_WIDTHD             ; 10             ; Untyped                ;
; LPM_NREPRESENTATION    ; UNSIGNED       ; Untyped                ;
; LPM_DREPRESENTATION    ; UNSIGNED       ; Untyped                ;
; LPM_PIPELINE           ; 0              ; Untyped                ;
; LPM_REMAINDERPOSITIVE  ; TRUE           ; Untyped                ;
; MAXIMIZE_SPEED         ; 5              ; Untyped                ;
; CBXI_PARAMETER         ; lpm_divide_2nl ; Untyped                ;
; CARRY_CHAIN            ; MANUAL         ; Untyped                ;
; OPTIMIZE_FOR_SPEED     ; 5              ; Untyped                ;
; AUTO_CARRY_CHAINS      ; ON             ; AUTO_CARRY             ;
; IGNORE_CARRY_BUFFERS   ; OFF            ; IGNORE_CARRY           ;
; AUTO_CASCADE_CHAINS    ; ON             ; AUTO_CASCADE           ;
; IGNORE_CASCADE_BUFFERS ; OFF            ; IGNORE_CASCADE         ;
+------------------------+----------------+------------------------+
Note: In order to hide this table in the UI and the text report file, please set the "Show Parameter Settings in Synthesis Report" option in "Analysis and Synthesis Settings -> More Settings" to "Off".


+------------------------------------------------------------------+
; Parameter Settings for Inferred Entity Instance: lpm_divide:Div4 ;
+------------------------+----------------+------------------------+
; Parameter Name         ; Value          ; Type                   ;
+------------------------+----------------+------------------------+
; LPM_WIDTHN             ; 10             ; Untyped                ;
; LPM_WIDTHD             ; 7              ; Untyped                ;
; LPM_NREPRESENTATION    ; UNSIGNED       ; Untyped                ;
; LPM_DREPRESENTATION    ; UNSIGNED       ; Untyped                ;
; LPM_PIPELINE           ; 0              ; Untyped                ;
; LPM_REMAINDERPOSITIVE  ; TRUE           ; Untyped                ;
; MAXIMIZE_SPEED         ; 5              ; Untyped                ;
; CBXI_PARAMETER         ; lpm_divide_ltl ; Untyped                ;
; CARRY_CHAIN            ; MANUAL         ; Untyped                ;
; OPTIMIZE_FOR_SPEED     ; 5              ; Untyped                ;
; AUTO_CARRY_CHAINS      ; ON             ; AUTO_CARRY             ;
; IGNORE_CARRY_BUFFERS   ; OFF            ; IGNORE_CARRY           ;
; AUTO_CASCADE_CHAINS    ; ON             ; AUTO_CASCADE           ;
; IGNORE_CASCADE_BUFFERS ; OFF            ; IGNORE_CASCADE         ;
+------------------------+----------------+------------------------+
Note: In order to hide this table in the UI and the text report file, please set the "Show Parameter Settings in Synthesis Report" option in "Analysis and Synthesis Settings -> More Settings" to "Off".


+------------------------------------------------------------------+
; Parameter Settings for Inferred Entity Instance: lpm_divide:Div5 ;
+------------------------+----------------+------------------------+
; Parameter Name         ; Value          ; Type                   ;
+------------------------+----------------+------------------------+
; LPM_WIDTHN             ; 10             ; Untyped                ;
; LPM_WIDTHD             ; 10             ; Untyped                ;
; LPM_NREPRESENTATION    ; UNSIGNED       ; Untyped                ;
; LPM_DREPRESENTATION    ; UNSIGNED       ; Untyped                ;
; LPM_PIPELINE           ; 0              ; Untyped                ;
; LPM_REMAINDERPOSITIVE  ; TRUE           ; Untyped                ;
; MAXIMIZE_SPEED         ; 5              ; Untyped                ;
; CBXI_PARAMETER         ; lpm_divide_vul ; Untyped                ;
; CARRY_CHAIN            ; MANUAL         ; Untyped                ;
; OPTIMIZE_FOR_SPEED     ; 5              ; Untyped                ;
; AUTO_CARRY_CHAINS      ; ON             ; AUTO_CARRY             ;
; IGNORE_CARRY_BUFFERS   ; OFF            ; IGNORE_CARRY           ;
; AUTO_CASCADE_CHAINS    ; ON             ; AUTO_CASCADE           ;
; IGNORE_CASCADE_BUFFERS ; OFF            ; IGNORE_CASCADE         ;
+------------------------+----------------+------------------------+
Note: In order to hide this table in the UI and the text report file, please set the "Show Parameter Settings in Synthesis Report" option in "Analysis and Synthesis Settings -> More Settings" to "Off".


+-------------------------------------------------------------------------------------------------------------------------------------------------------------------------------------------------------------------------+
; Port Connectivity Checks: "contador5:comb_22"                                                                                                                                                                           ;
+-----------------+-------+----------+------------------------------------------------------------------------------------------------------------------------------------------------------------------------------------+
; Port            ; Type  ; Severity ; Details                                                                                                                                                                            ;
+-----------------+-------+----------+------------------------------------------------------------------------------------------------------------------------------------------------------------------------------------+
; enableContador5 ; Input ; Warning  ; Input port expression (32 bits) is wider than the input port (1 bits) it drives.  The 31 most-significant bit(s) in the expression will be dangling if they have no other fanouts. ;
+-----------------+-------+----------+------------------------------------------------------------------------------------------------------------------------------------------------------------------------------------+


+-------------------------------------------------------------------------------------------------------------------------------------------------------------------------------------------------------------------------+
; Port Connectivity Checks: "contador1:comb_19"                                                                                                                                                                           ;
+-----------------+-------+----------+------------------------------------------------------------------------------------------------------------------------------------------------------------------------------------+
; Port            ; Type  ; Severity ; Details                                                                                                                                                                            ;
+-----------------+-------+----------+------------------------------------------------------------------------------------------------------------------------------------------------------------------------------------+
; enableContador1 ; Input ; Warning  ; Input port expression (32 bits) is wider than the input port (1 bits) it drives.  The 31 most-significant bit(s) in the expression will be dangling if they have no other fanouts. ;
+-----------------+-------+----------+------------------------------------------------------------------------------------------------------------------------------------------------------------------------------------+


+--------------------------------------------------------------------------------------------------------------------------------------------------------------------------------------------------+
; Port Connectivity Checks: "SEG7_LUT:comb_18"                                                                                                                                                     ;
+------+--------+----------+-----------------------------------------------------------------------------------------------------------------------------------------------------------------------+
; Port ; Type   ; Severity ; Details                                                                                                                                                               ;
+------+--------+----------+-----------------------------------------------------------------------------------------------------------------------------------------------------------------------+
; oSEG ; Output ; Warning  ; Output or bidir port (7 bits) is smaller than the port expression (8 bits) it drives.  The 1 most-significant bit(s) in the port expression will be connected to GND. ;
+------+--------+----------+-----------------------------------------------------------------------------------------------------------------------------------------------------------------------+


+--------------------------------------------------------------------------------------------------------------------------------------------------------------------------------------------------+
; Port Connectivity Checks: "SEG7_LUT:comb_17"                                                                                                                                                     ;
+------+--------+----------+-----------------------------------------------------------------------------------------------------------------------------------------------------------------------+
; Port ; Type   ; Severity ; Details                                                                                                                                                               ;
+------+--------+----------+-----------------------------------------------------------------------------------------------------------------------------------------------------------------------+
; oSEG ; Output ; Warning  ; Output or bidir port (7 bits) is smaller than the port expression (8 bits) it drives.  The 1 most-significant bit(s) in the port expression will be connected to GND. ;
+------+--------+----------+-----------------------------------------------------------------------------------------------------------------------------------------------------------------------+


+--------------------------------------------------------------------------------------------------------------------------------------------------------------------------------------------------+
; Port Connectivity Checks: "SEG7_LUT:comb_16"                                                                                                                                                     ;
+------+--------+----------+-----------------------------------------------------------------------------------------------------------------------------------------------------------------------+
; Port ; Type   ; Severity ; Details                                                                                                                                                               ;
+------+--------+----------+-----------------------------------------------------------------------------------------------------------------------------------------------------------------------+
; oSEG ; Output ; Warning  ; Output or bidir port (7 bits) is smaller than the port expression (8 bits) it drives.  The 1 most-significant bit(s) in the port expression will be connected to GND. ;
+------+--------+----------+-----------------------------------------------------------------------------------------------------------------------------------------------------------------------+


+--------------------------------------------------------------------------------------------------------------------------------------------------------------------------------------------------+
; Port Connectivity Checks: "SEG7_LUT:comb_15"                                                                                                                                                     ;
+------+--------+----------+-----------------------------------------------------------------------------------------------------------------------------------------------------------------------+
; Port ; Type   ; Severity ; Details                                                                                                                                                               ;
+------+--------+----------+-----------------------------------------------------------------------------------------------------------------------------------------------------------------------+
; oSEG ; Output ; Warning  ; Output or bidir port (7 bits) is smaller than the port expression (8 bits) it drives.  The 1 most-significant bit(s) in the port expression will be connected to GND. ;
+------+--------+----------+-----------------------------------------------------------------------------------------------------------------------------------------------------------------------+


+-----------------------------------------------------+
; Post-Synthesis Netlist Statistics for Top Partition ;
+-----------------------+-----------------------------+
; Type                  ; Count                       ;
+-----------------------+-----------------------------+
; boundary_port         ; 55                          ;
; cycloneiii_ff         ; 68                          ;
;     CLR               ; 9                           ;
;     ENA CLR SCLR      ; 52                          ;
;     ENA CLR SLD       ; 7                           ;
; cycloneiii_lcell_comb ; 485                         ;
;     arith             ; 157                         ;
;         2 data inputs ; 77                          ;
;         3 data inputs ; 80                          ;
;     normal            ; 328                         ;
;         0 data inputs ; 22                          ;
;         1 data inputs ; 8                           ;
;         2 data inputs ; 151                         ;
;         3 data inputs ; 15                          ;
;         4 data inputs ; 132                         ;
;                       ;                             ;
; Max LUT depth         ; 22.80                       ;
; Average LUT depth     ; 13.94                       ;
+-----------------------+-----------------------------+


+-------------------------------+
; Elapsed Time Per Partition    ;
+----------------+--------------+
; Partition Name ; Elapsed Time ;
+----------------+--------------+
; Top            ; 00:00:02     ;
+----------------+--------------+


+-------------------------------+
; Analysis & Synthesis Messages ;
+-------------------------------+
Info: *******************************************************************
Info: Running Quartus Prime Analysis & Synthesis
    Info: Version 18.1.0 Build 625 09/12/2018 SJ Lite Edition
    Info: Processing started: Thu Jul 27 19:44:25 2023
Info: Command: quartus_map --read_settings_files=on --write_settings_files=off ProjetoPratico -c ProjetoPratico
Warning (18236): Number of processors has not been specified which may cause overloading on shared machines.  Set the global assignment NUM_PARALLEL_PROCESSORS in your QSF to an appropriate value for best performance.
Info (20030): Parallel compilation is enabled and will use 2 of the 2 processors detected
Info (12021): Found 1 design units, including 1 entities, in source file asyncinputsynchronizer.v
    Info (12023): Found entity 1: AsyncInputSynchronizer File: C:/Users/paulo.carvalho/Desktop/ProjetoPraticoFinal/ProjetoPratico/AsyncInputSynchronizer.v Line: 1
Info (12021): Found 1 design units, including 1 entities, in source file contador1.v
    Info (12023): Found entity 1: contador1 File: C:/Users/paulo.carvalho/Desktop/ProjetoPraticoFinal/ProjetoPratico/contador1.v Line: 5
Info (12021): Found 1 design units, including 1 entities, in source file contador5.v
    Info (12023): Found entity 1: contador5 File: C:/Users/paulo.carvalho/Desktop/ProjetoPraticoFinal/ProjetoPratico/contador5.v Line: 5
Info (12021): Found 1 design units, including 1 entities, in source file divisor.v
    Info (12023): Found entity 1: divisor File: C:/Users/paulo.carvalho/Desktop/ProjetoPraticoFinal/ProjetoPratico/divisor.v Line: 1
Info (12021): Found 1 design units, including 1 entities, in source file counter.v
    Info (12023): Found entity 1: counter File: C:/Users/paulo.carvalho/Desktop/ProjetoPraticoFinal/ProjetoPratico/counter.v Line: 1
Info (12021): Found 1 design units, including 1 entities, in source file seg7_lut.v
    Info (12023): Found entity 1: SEG7_LUT File: C:/Users/paulo.carvalho/Desktop/ProjetoPraticoFinal/ProjetoPratico/SEG7_LUT.v Line: 1
Info (12021): Found 1 design units, including 1 entities, in source file directioncontroller.v
    Info (12023): Found entity 1: DirectionController File: C:/Users/paulo.carvalho/Desktop/ProjetoPraticoFinal/ProjetoPratico/DirectionController.v Line: 7
Info (12021): Found 1 design units, including 1 entities, in source file tempodereacao.v
    Info (12023): Found entity 1: ProjetoPratico File: C:/Users/paulo.carvalho/Desktop/ProjetoPraticoFinal/ProjetoPratico/tempoDeReacao.v Line: 5
Info (12021): Found 1 design units, including 1 entities, in source file divisor1segundo.v
    Info (12023): Found entity 1: divisor1segundo File: C:/Users/paulo.carvalho/Desktop/ProjetoPraticoFinal/ProjetoPratico/divisor1segundo.v Line: 1
Info (12021): Found 1 design units, including 1 entities, in source file counter2.v
    Info (12023): Found entity 1: counter2 File: C:/Users/paulo.carvalho/Desktop/ProjetoPraticoFinal/ProjetoPratico/counter2.v Line: 1
Critical Warning (10846): Verilog HDL Instantiation warning at tempoDeReacao.v(38): instance has no name File: C:/Users/paulo.carvalho/Desktop/ProjetoPraticoFinal/ProjetoPratico/tempoDeReacao.v Line: 38
Critical Warning (10846): Verilog HDL Instantiation warning at tempoDeReacao.v(46): instance has no name File: C:/Users/paulo.carvalho/Desktop/ProjetoPraticoFinal/ProjetoPratico/tempoDeReacao.v Line: 46
Critical Warning (10846): Verilog HDL Instantiation warning at tempoDeReacao.v(48): instance has no name File: C:/Users/paulo.carvalho/Desktop/ProjetoPraticoFinal/ProjetoPratico/tempoDeReacao.v Line: 48
Critical Warning (10846): Verilog HDL Instantiation warning at tempoDeReacao.v(50): instance has no name File: C:/Users/paulo.carvalho/Desktop/ProjetoPraticoFinal/ProjetoPratico/tempoDeReacao.v Line: 50
Critical Warning (10846): Verilog HDL Instantiation warning at tempoDeReacao.v(52): instance has no name File: C:/Users/paulo.carvalho/Desktop/ProjetoPraticoFinal/ProjetoPratico/tempoDeReacao.v Line: 52
Critical Warning (10846): Verilog HDL Instantiation warning at tempoDeReacao.v(54): instance has no name File: C:/Users/paulo.carvalho/Desktop/ProjetoPraticoFinal/ProjetoPratico/tempoDeReacao.v Line: 54
Critical Warning (10846): Verilog HDL Instantiation warning at tempoDeReacao.v(60): instance has no name File: C:/Users/paulo.carvalho/Desktop/ProjetoPraticoFinal/ProjetoPratico/tempoDeReacao.v Line: 60
Critical Warning (10846): Verilog HDL Instantiation warning at tempoDeReacao.v(66): instance has no name File: C:/Users/paulo.carvalho/Desktop/ProjetoPraticoFinal/ProjetoPratico/tempoDeReacao.v Line: 66
Info (12127): Elaborating entity "ProjetoPratico" for the top level hierarchy
Warning (10230): Verilog HDL assignment warning at tempoDeReacao.v(75): truncated value with size 7 to match size of target (5) File: C:/Users/paulo.carvalho/Desktop/ProjetoPraticoFinal/ProjetoPratico/tempoDeReacao.v Line: 75
Warning (10230): Verilog HDL assignment warning at tempoDeReacao.v(81): truncated value with size 32 to match size of target (5) File: C:/Users/paulo.carvalho/Desktop/ProjetoPraticoFinal/ProjetoPratico/tempoDeReacao.v Line: 81
Warning (10230): Verilog HDL assignment warning at tempoDeReacao.v(82): truncated value with size 32 to match size of target (5) File: C:/Users/paulo.carvalho/Desktop/ProjetoPraticoFinal/ProjetoPratico/tempoDeReacao.v Line: 82
Warning (10230): Verilog HDL assignment warning at tempoDeReacao.v(83): truncated value with size 32 to match size of target (5) File: C:/Users/paulo.carvalho/Desktop/ProjetoPraticoFinal/ProjetoPratico/tempoDeReacao.v Line: 83
Warning (10230): Verilog HDL assignment warning at tempoDeReacao.v(84): truncated value with size 32 to match size of target (5) File: C:/Users/paulo.carvalho/Desktop/ProjetoPraticoFinal/ProjetoPratico/tempoDeReacao.v Line: 84
Warning (10230): Verilog HDL assignment warning at tempoDeReacao.v(87): truncated value with size 32 to match size of target (5) File: C:/Users/paulo.carvalho/Desktop/ProjetoPraticoFinal/ProjetoPratico/tempoDeReacao.v Line: 87
Warning (10230): Verilog HDL assignment warning at tempoDeReacao.v(88): truncated value with size 32 to match size of target (5) File: C:/Users/paulo.carvalho/Desktop/ProjetoPraticoFinal/ProjetoPratico/tempoDeReacao.v Line: 88
Warning (10230): Verilog HDL assignment warning at tempoDeReacao.v(89): truncated value with size 32 to match size of target (5) File: C:/Users/paulo.carvalho/Desktop/ProjetoPraticoFinal/ProjetoPratico/tempoDeReacao.v Line: 89
Warning (10230): Verilog HDL assignment warning at tempoDeReacao.v(90): truncated value with size 32 to match size of target (5) File: C:/Users/paulo.carvalho/Desktop/ProjetoPraticoFinal/ProjetoPratico/tempoDeReacao.v Line: 90
Warning (10034): Output port "LEDR[9..7]" at tempoDeReacao.v(23) has no driver File: C:/Users/paulo.carvalho/Desktop/ProjetoPraticoFinal/ProjetoPratico/tempoDeReacao.v Line: 23
Info (12128): Elaborating entity "AsyncInputSynchronizer" for hierarchy "AsyncInputSynchronizer:comb_12" File: C:/Users/paulo.carvalho/Desktop/ProjetoPraticoFinal/ProjetoPratico/tempoDeReacao.v Line: 38
Info (12128): Elaborating entity "DirectionController" for hierarchy "DirectionController:comb_13" File: C:/Users/paulo.carvalho/Desktop/ProjetoPraticoFinal/ProjetoPratico/tempoDeReacao.v Line: 46
Info (12128): Elaborating entity "SEG7_LUT" for hierarchy "SEG7_LUT:comb_15" File: C:/Users/paulo.carvalho/Desktop/ProjetoPraticoFinal/ProjetoPratico/tempoDeReacao.v Line: 48
Info (12128): Elaborating entity "contador1" for hierarchy "contador1:comb_19" File: C:/Users/paulo.carvalho/Desktop/ProjetoPraticoFinal/ProjetoPratico/tempoDeReacao.v Line: 60
Info (12128): Elaborating entity "divisor1segundo" for hierarchy "contador1:comb_19|divisor1segundo:div" File: C:/Users/paulo.carvalho/Desktop/ProjetoPraticoFinal/ProjetoPratico/contador1.v Line: 38
Info (12128): Elaborating entity "counter2" for hierarchy "contador1:comb_19|counter2:cnt" File: C:/Users/paulo.carvalho/Desktop/ProjetoPraticoFinal/ProjetoPratico/contador1.v Line: 45
Warning (10230): Verilog HDL assignment warning at counter2.v(10): truncated value with size 32 to match size of target (10) File: C:/Users/paulo.carvalho/Desktop/ProjetoPraticoFinal/ProjetoPratico/counter2.v Line: 10
Info (12128): Elaborating entity "contador5" for hierarchy "contador5:comb_22" File: C:/Users/paulo.carvalho/Desktop/ProjetoPraticoFinal/ProjetoPratico/tempoDeReacao.v Line: 66
Info (12128): Elaborating entity "divisor" for hierarchy "contador5:comb_22|divisor:div" File: C:/Users/paulo.carvalho/Desktop/ProjetoPraticoFinal/ProjetoPratico/contador5.v Line: 38
Info (12128): Elaborating entity "counter" for hierarchy "contador5:comb_22|counter:cnt" File: C:/Users/paulo.carvalho/Desktop/ProjetoPraticoFinal/ProjetoPratico/contador5.v Line: 45
Warning (10230): Verilog HDL assignment warning at counter.v(10): truncated value with size 32 to match size of target (7) File: C:/Users/paulo.carvalho/Desktop/ProjetoPraticoFinal/ProjetoPratico/counter.v Line: 10
Info (278001): Inferred 6 megafunctions from design logic
    Info (278004): Inferred divider/modulo megafunction ("lpm_divide") from the following logic: "Mod3" File: C:/Users/paulo.carvalho/Desktop/ProjetoPraticoFinal/ProjetoPratico/tempoDeReacao.v Line: 87
    Info (278004): Inferred divider/modulo megafunction ("lpm_divide") from the following logic: "Mod4" File: C:/Users/paulo.carvalho/Desktop/ProjetoPraticoFinal/ProjetoPratico/tempoDeReacao.v Line: 88
    Info (278004): Inferred divider/modulo megafunction ("lpm_divide") from the following logic: "Div3" File: C:/Users/paulo.carvalho/Desktop/ProjetoPraticoFinal/ProjetoPratico/tempoDeReacao.v Line: 88
    Info (278004): Inferred divider/modulo megafunction ("lpm_divide") from the following logic: "Mod5" File: C:/Users/paulo.carvalho/Desktop/ProjetoPraticoFinal/ProjetoPratico/tempoDeReacao.v Line: 89
    Info (278004): Inferred divider/modulo megafunction ("lpm_divide") from the following logic: "Div4" File: C:/Users/paulo.carvalho/Desktop/ProjetoPraticoFinal/ProjetoPratico/tempoDeReacao.v Line: 89
    Info (278004): Inferred divider/modulo megafunction ("lpm_divide") from the following logic: "Div5" File: C:/Users/paulo.carvalho/Desktop/ProjetoPraticoFinal/ProjetoPratico/tempoDeReacao.v Line: 90
Info (12130): Elaborated megafunction instantiation "lpm_divide:Mod3" File: C:/Users/paulo.carvalho/Desktop/ProjetoPraticoFinal/ProjetoPratico/tempoDeReacao.v Line: 87
Info (12133): Instantiated megafunction "lpm_divide:Mod3" with the following parameter: File: C:/Users/paulo.carvalho/Desktop/ProjetoPraticoFinal/ProjetoPratico/tempoDeReacao.v Line: 87
    Info (12134): Parameter "LPM_WIDTHN" = "10"
    Info (12134): Parameter "LPM_WIDTHD" = "4"
    Info (12134): Parameter "LPM_NREPRESENTATION" = "UNSIGNED"
    Info (12134): Parameter "LPM_DREPRESENTATION" = "UNSIGNED"
Info (12021): Found 1 design units, including 1 entities, in source file db/lpm_divide_lll.tdf
    Info (12023): Found entity 1: lpm_divide_lll File: C:/Users/paulo.carvalho/Desktop/ProjetoPraticoFinal/ProjetoPratico/db/lpm_divide_lll.tdf Line: 24
Info (12021): Found 1 design units, including 1 entities, in source file db/sign_div_unsign_klh.tdf
    Info (12023): Found entity 1: sign_div_unsign_klh File: C:/Users/paulo.carvalho/Desktop/ProjetoPraticoFinal/ProjetoPratico/db/sign_div_unsign_klh.tdf Line: 24
Info (12021): Found 1 design units, including 1 entities, in source file db/alt_u_div_ihe.tdf
    Info (12023): Found entity 1: alt_u_div_ihe File: C:/Users/paulo.carvalho/Desktop/ProjetoPraticoFinal/ProjetoPratico/db/alt_u_div_ihe.tdf Line: 26
Info (12021): Found 1 design units, including 1 entities, in source file db/add_sub_t3c.tdf
    Info (12023): Found entity 1: add_sub_t3c File: C:/Users/paulo.carvalho/Desktop/ProjetoPraticoFinal/ProjetoPratico/db/add_sub_t3c.tdf Line: 22
Info (12021): Found 1 design units, including 1 entities, in source file db/add_sub_u3c.tdf
    Info (12023): Found entity 1: add_sub_u3c File: C:/Users/paulo.carvalho/Desktop/ProjetoPraticoFinal/ProjetoPratico/db/add_sub_u3c.tdf Line: 22
Info (12130): Elaborated megafunction instantiation "lpm_divide:Mod4" File: C:/Users/paulo.carvalho/Desktop/ProjetoPraticoFinal/ProjetoPratico/tempoDeReacao.v Line: 88
Info (12133): Instantiated megafunction "lpm_divide:Mod4" with the following parameter: File: C:/Users/paulo.carvalho/Desktop/ProjetoPraticoFinal/ProjetoPratico/tempoDeReacao.v Line: 88
    Info (12134): Parameter "LPM_WIDTHN" = "10"
    Info (12134): Parameter "LPM_WIDTHD" = "7"
    Info (12134): Parameter "LPM_NREPRESENTATION" = "UNSIGNED"
    Info (12134): Parameter "LPM_DREPRESENTATION" = "UNSIGNED"
Info (12021): Found 1 design units, including 1 entities, in source file db/lpm_divide_pll.tdf
    Info (12023): Found entity 1: lpm_divide_pll File: C:/Users/paulo.carvalho/Desktop/ProjetoPraticoFinal/ProjetoPratico/db/lpm_divide_pll.tdf Line: 24
Info (12021): Found 1 design units, including 1 entities, in source file db/sign_div_unsign_nlh.tdf
    Info (12023): Found entity 1: sign_div_unsign_nlh File: C:/Users/paulo.carvalho/Desktop/ProjetoPraticoFinal/ProjetoPratico/db/sign_div_unsign_nlh.tdf Line: 24
Info (12021): Found 1 design units, including 1 entities, in source file db/alt_u_div_ohe.tdf
    Info (12023): Found entity 1: alt_u_div_ohe File: C:/Users/paulo.carvalho/Desktop/ProjetoPraticoFinal/ProjetoPratico/db/alt_u_div_ohe.tdf Line: 26
Info (12130): Elaborated megafunction instantiation "lpm_divide:Div3" File: C:/Users/paulo.carvalho/Desktop/ProjetoPraticoFinal/ProjetoPratico/tempoDeReacao.v Line: 88
Info (12133): Instantiated megafunction "lpm_divide:Div3" with the following parameter: File: C:/Users/paulo.carvalho/Desktop/ProjetoPraticoFinal/ProjetoPratico/tempoDeReacao.v Line: 88
    Info (12134): Parameter "LPM_WIDTHN" = "7"
    Info (12134): Parameter "LPM_WIDTHD" = "4"
    Info (12134): Parameter "LPM_NREPRESENTATION" = "UNSIGNED"
    Info (12134): Parameter "LPM_DREPRESENTATION" = "UNSIGNED"
Info (12021): Found 1 design units, including 1 entities, in source file db/lpm_divide_8sl.tdf
    Info (12023): Found entity 1: lpm_divide_8sl File: C:/Users/paulo.carvalho/Desktop/ProjetoPraticoFinal/ProjetoPratico/db/lpm_divide_8sl.tdf Line: 24
Info (12021): Found 1 design units, including 1 entities, in source file db/sign_div_unsign_akh.tdf
    Info (12023): Found entity 1: sign_div_unsign_akh File: C:/Users/paulo.carvalho/Desktop/ProjetoPraticoFinal/ProjetoPratico/db/sign_div_unsign_akh.tdf Line: 24
Info (12021): Found 1 design units, including 1 entities, in source file db/alt_u_div_uee.tdf
    Info (12023): Found entity 1: alt_u_div_uee File: C:/Users/paulo.carvalho/Desktop/ProjetoPraticoFinal/ProjetoPratico/db/alt_u_div_uee.tdf Line: 26
Info (12130): Elaborated megafunction instantiation "lpm_divide:Mod5" File: C:/Users/paulo.carvalho/Desktop/ProjetoPraticoFinal/ProjetoPratico/tempoDeReacao.v Line: 89
Info (12133): Instantiated megafunction "lpm_divide:Mod5" with the following parameter: File: C:/Users/paulo.carvalho/Desktop/ProjetoPraticoFinal/ProjetoPratico/tempoDeReacao.v Line: 89
    Info (12134): Parameter "LPM_WIDTHN" = "10"
    Info (12134): Parameter "LPM_WIDTHD" = "10"
    Info (12134): Parameter "LPM_NREPRESENTATION" = "UNSIGNED"
    Info (12134): Parameter "LPM_DREPRESENTATION" = "UNSIGNED"
Info (12021): Found 1 design units, including 1 entities, in source file db/lpm_divide_2nl.tdf
    Info (12023): Found entity 1: lpm_divide_2nl File: C:/Users/paulo.carvalho/Desktop/ProjetoPraticoFinal/ProjetoPratico/db/lpm_divide_2nl.tdf Line: 24
Info (12021): Found 1 design units, including 1 entities, in source file db/sign_div_unsign_1nh.tdf
    Info (12023): Found entity 1: sign_div_unsign_1nh File: C:/Users/paulo.carvalho/Desktop/ProjetoPraticoFinal/ProjetoPratico/db/sign_div_unsign_1nh.tdf Line: 24
Info (12021): Found 1 design units, including 1 entities, in source file db/alt_u_div_cke.tdf
    Info (12023): Found entity 1: alt_u_div_cke File: C:/Users/paulo.carvalho/Desktop/ProjetoPraticoFinal/ProjetoPratico/db/alt_u_div_cke.tdf Line: 26
Info (12130): Elaborated megafunction instantiation "lpm_divide:Div4" File: C:/Users/paulo.carvalho/Desktop/ProjetoPraticoFinal/ProjetoPratico/tempoDeReacao.v Line: 89
Info (12133): Instantiated megafunction "lpm_divide:Div4" with the following parameter: File: C:/Users/paulo.carvalho/Desktop/ProjetoPraticoFinal/ProjetoPratico/tempoDeReacao.v Line: 89
    Info (12134): Parameter "LPM_WIDTHN" = "10"
    Info (12134): Parameter "LPM_WIDTHD" = "7"
    Info (12134): Parameter "LPM_NREPRESENTATION" = "UNSIGNED"
    Info (12134): Parameter "LPM_DREPRESENTATION" = "UNSIGNED"
Info (12021): Found 1 design units, including 1 entities, in source file db/lpm_divide_ltl.tdf
    Info (12023): Found entity 1: lpm_divide_ltl File: C:/Users/paulo.carvalho/Desktop/ProjetoPraticoFinal/ProjetoPratico/db/lpm_divide_ltl.tdf Line: 24
Info (12130): Elaborated megafunction instantiation "lpm_divide:Div5" File: C:/Users/paulo.carvalho/Desktop/ProjetoPraticoFinal/ProjetoPratico/tempoDeReacao.v Line: 90
Info (12133): Instantiated megafunction "lpm_divide:Div5" with the following parameter: File: C:/Users/paulo.carvalho/Desktop/ProjetoPraticoFinal/ProjetoPratico/tempoDeReacao.v Line: 90
    Info (12134): Parameter "LPM_WIDTHN" = "10"
    Info (12134): Parameter "LPM_WIDTHD" = "10"
    Info (12134): Parameter "LPM_NREPRESENTATION" = "UNSIGNED"
    Info (12134): Parameter "LPM_DREPRESENTATION" = "UNSIGNED"
Info (12021): Found 1 design units, including 1 entities, in source file db/lpm_divide_vul.tdf
    Info (12023): Found entity 1: lpm_divide_vul File: C:/Users/paulo.carvalho/Desktop/ProjetoPraticoFinal/ProjetoPratico/db/lpm_divide_vul.tdf Line: 24
Warning (12241): 6 hierarchies have connectivity warnings - see the Connectivity Checks report folder
Warning (13024): Output pins are stuck at VCC or GND
    Warning (13410): Pin "HEX0[7]" is stuck at GND File: C:/Users/paulo.carvalho/Desktop/ProjetoPraticoFinal/ProjetoPratico/tempoDeReacao.v Line: 18
    Warning (13410): Pin "HEX1[7]" is stuck at GND File: C:/Users/paulo.carvalho/Desktop/ProjetoPraticoFinal/ProjetoPratico/tempoDeReacao.v Line: 19
    Warning (13410): Pin "HEX2[7]" is stuck at GND File: C:/Users/paulo.carvalho/Desktop/ProjetoPraticoFinal/ProjetoPratico/tempoDeReacao.v Line: 20
    Warning (13410): Pin "HEX3[7]" is stuck at GND File: C:/Users/paulo.carvalho/Desktop/ProjetoPraticoFinal/ProjetoPratico/tempoDeReacao.v Line: 21
    Warning (13410): Pin "LEDR[7]" is stuck at GND File: C:/Users/paulo.carvalho/Desktop/ProjetoPraticoFinal/ProjetoPratico/tempoDeReacao.v Line: 23
    Warning (13410): Pin "LEDR[8]" is stuck at GND File: C:/Users/paulo.carvalho/Desktop/ProjetoPraticoFinal/ProjetoPratico/tempoDeReacao.v Line: 23
    Warning (13410): Pin "LEDR[9]" is stuck at GND File: C:/Users/paulo.carvalho/Desktop/ProjetoPraticoFinal/ProjetoPratico/tempoDeReacao.v Line: 23
Info (286030): Timing-Driven Synthesis is running
Info (17049): 2 registers lost all their fanouts during netlist optimizations.
Warning (20013): Ignored 24 assignments for entity "DE10_LITE_Golden_Top" -- entity does not exist in design
    Warning (20014): Assignment for entity set_instance_assignment -name PARTITION_HIERARCHY root_partition -to | -entity DE10_LITE_Golden_Top -section_id Top was ignored
    Warning (20014): Assignment for entity set_global_assignment -name PARTITION_NETLIST_TYPE SOURCE -entity DE10_LITE_Golden_Top -section_id Top was ignored
    Warning (20014): Assignment for entity set_global_assignment -name PARTITION_FITTER_PRESERVATION_LEVEL PLACEMENT_AND_ROUTING -entity DE10_LITE_Golden_Top -section_id Top was ignored
    Warning (20014): Assignment for entity set_global_assignment -name PARTITION_PRESERVE_HIGH_SPEED_TILES ON -entity DE10_LITE_Golden_Top -section_id Top was ignored
    Warning (20014): Assignment for entity set_global_assignment -name PARTITION_IGNORE_SOURCE_FILE_CHANGES OFF -entity DE10_LITE_Golden_Top -section_id Top was ignored
    Warning (20014): Assignment for entity set_global_assignment -name PARTITION_ALWAYS_USE_QXP_NETLIST OFF -entity DE10_LITE_Golden_Top -section_id Top was ignored
    Warning (20014): Assignment for entity set_global_assignment -name PARTITION_COLOR 16764057 -entity DE10_LITE_Golden_Top -section_id Top was ignored
    Warning (20014): Assignment for entity set_global_assignment -name PARTITION_IMPORT_ASSIGNMENTS ON -entity DE10_LITE_Golden_Top -section_id Top was ignored
    Warning (20014): Assignment for entity set_global_assignment -name PARTITION_IMPORT_EXISTING_ASSIGNMENTS REPLACE_CONFLICTING -entity DE10_LITE_Golden_Top -section_id Top was ignored
    Warning (20014): Assignment for entity set_global_assignment -name PARTITION_IMPORT_EXISTING_LOGICLOCK_REGIONS UPDATE_CONFLICTING -entity DE10_LITE_Golden_Top -section_id Top was ignored
    Warning (20014): Assignment for entity set_global_assignment -name PARTITION_IMPORT_PIN_ASSIGNMENTS ON -entity DE10_LITE_Golden_Top -section_id Top was ignored
    Warning (20014): Assignment for entity set_global_assignment -name PARTITION_IMPORT_PROMOTE_ASSIGNMENTS ON -entity DE10_LITE_Golden_Top -section_id Top was ignored
    Warning (20014): Assignment for entity set_global_assignment -name PARTITION_TYPE STANDARD_PARTITION -entity DE10_LITE_Golden_Top -section_id Top was ignored
    Warning (20014): Assignment for entity set_global_assignment -name ALLOW_MULTIPLE_PERSONAS OFF -entity DE10_LITE_Golden_Top -section_id Top was ignored
    Warning (20014): Assignment for entity set_global_assignment -name PARTITION_ASD_REGION_ID 1 -entity DE10_LITE_Golden_Top -section_id Top was ignored
    Warning (20014): Assignment for entity set_global_assignment -name CROSS_BOUNDARY_OPTIMIZATIONS OFF -entity DE10_LITE_Golden_Top -section_id Top was ignored
    Warning (20014): Assignment for entity set_global_assignment -name PROPAGATE_CONSTANTS_ON_INPUTS ON -entity DE10_LITE_Golden_Top -section_id Top was ignored
    Warning (20014): Assignment for entity set_global_assignment -name PROPAGATE_INVERSIONS_ON_INPUTS ON -entity DE10_LITE_Golden_Top -section_id Top was ignored
    Warning (20014): Assignment for entity set_global_assignment -name REMOVE_LOGIC_ON_UNCONNECTED_OUTPUTS ON -entity DE10_LITE_Golden_Top -section_id Top was ignored
    Warning (20014): Assignment for entity set_global_assignment -name MERGE_EQUIVALENT_INPUTS ON -entity DE10_LITE_Golden_Top -section_id Top was ignored
    Warning (20014): Assignment for entity set_global_assignment -name MERGE_EQUIVALENT_BIDIRS ON -entity DE10_LITE_Golden_Top -section_id Top was ignored
    Warning (20014): Assignment for entity set_global_assignment -name ABSORB_PATHS_FROM_OUTPUTS_TO_INPUTS ON -entity DE10_LITE_Golden_Top -section_id Top was ignored
    Warning (20014): Assignment for entity set_global_assignment -name PARTITION_EXTRACT_HARD_BLOCK_NODES ON -entity DE10_LITE_Golden_Top -section_id Top was ignored
    Warning (20014): Assignment for entity set_global_assignment -name PARTITION_ENABLE_STRICT_PRESERVATION OFF -entity DE10_LITE_Golden_Top -section_id Top was ignored
Info (16010): Generating hard_block partition "hard_block:auto_generated_inst"
    Info (16011): Adding 0 node(s), including 0 DDIO, 0 PLL, 0 transceiver and 0 LCELL
Warning (21074): Design contains 9 input pin(s) that do not drive logic
    Warning (15610): No output dependent on input pin "KEY[1]" File: C:/Users/paulo.carvalho/Desktop/ProjetoPraticoFinal/ProjetoPratico/tempoDeReacao.v Line: 11
    Warning (15610): No output dependent on input pin "SW[1]" File: C:/Users/paulo.carvalho/Desktop/ProjetoPraticoFinal/ProjetoPratico/tempoDeReacao.v Line: 14
    Warning (15610): No output dependent on input pin "SW[2]" File: C:/Users/paulo.carvalho/Desktop/ProjetoPraticoFinal/ProjetoPratico/tempoDeReacao.v Line: 14
    Warning (15610): No output dependent on input pin "SW[3]" File: C:/Users/paulo.carvalho/Desktop/ProjetoPraticoFinal/ProjetoPratico/tempoDeReacao.v Line: 14
    Warning (15610): No output dependent on input pin "SW[4]" File: C:/Users/paulo.carvalho/Desktop/ProjetoPraticoFinal/ProjetoPratico/tempoDeReacao.v Line: 14
    Warning (15610): No output dependent on input pin "SW[5]" File: C:/Users/paulo.carvalho/Desktop/ProjetoPraticoFinal/ProjetoPratico/tempoDeReacao.v Line: 14
    Warning (15610): No output dependent on input pin "SW[6]" File: C:/Users/paulo.carvalho/Desktop/ProjetoPraticoFinal/ProjetoPratico/tempoDeReacao.v Line: 14
    Warning (15610): No output dependent on input pin "SW[7]" File: C:/Users/paulo.carvalho/Desktop/ProjetoPraticoFinal/ProjetoPratico/tempoDeReacao.v Line: 14
    Warning (15610): No output dependent on input pin "SW[8]" File: C:/Users/paulo.carvalho/Desktop/ProjetoPraticoFinal/ProjetoPratico/tempoDeReacao.v Line: 14
Info (21057): Implemented 538 device resources after synthesis - the final resource count might be different
    Info (21058): Implemented 13 input pins
    Info (21059): Implemented 42 output pins
    Info (21061): Implemented 483 logic cells
Info: Quartus Prime Analysis & Synthesis was successful. 0 errors, 65 warnings
    Info: Peak virtual memory: 683 megabytes
    Info: Processing ended: Thu Jul 27 19:44:46 2023
    Info: Elapsed time: 00:00:21
    Info: Total CPU time (on all processors): 00:00:45


